<?xml version="1.0" encoding="UTF-8"?>
<testsuite xmlns:xsi="http://www.w3.org/2001/XMLSchema-instance" xsi:noNamespaceSchemaLocation="https://maven.apache.org/surefire/maven-surefire-plugin/xsd/surefire-test-report.xsd" name="com.jdriven.flights.FlightsApplicationTest" time="24.219" tests="1" errors="0" skipped="0" failures="0">
  <properties>
    <property name="awt.toolkit" value="sun.awt.X11.XToolkit"/>
    <property name="java.specification.version" value="12"/>
    <property name="sun.jnu.encoding" value="UTF-8"/>
    <property name="java.class.path" value="/mnt/c/Users/jvmmx/intro-sso-keycloak/spring-security/spring-cloud-gateway-oidc-tokenrelay/mock-flights-service/target/test-classes:/mnt/c/Users/jvmmx/intro-sso-keycloak/spring-security/spring-cloud-gateway-oidc-tokenrelay/mock-flights-service/target/classes:/home/laliux/.m2/repository/org/springframework/boot/spring-boot-starter-web/2.2.2.RELEASE/spring-boot-starter-web-2.2.2.RELEASE.jar:/home/laliux/.m2/repository/org/springframework/boot/spring-boot-starter/2.2.2.RELEASE/spring-boot-starter-2.2.2.RELEASE.jar:/home/laliux/.m2/repository/org/springframework/boot/spring-boot-starter-logging/2.2.2.RELEASE/spring-boot-starter-logging-2.2.2.RELEASE.jar:/home/laliux/.m2/repository/ch/qos/logback/logback-classic/1.2.3/logback-classic-1.2.3.jar:/home/laliux/.m2/repository/ch/qos/logback/logback-core/1.2.3/logback-core-1.2.3.jar:/home/laliux/.m2/repository/org/apache/logging/log4j/log4j-to-slf4j/2.12.1/log4j-to-slf4j-2.12.1.jar:/home/laliux/.m2/repository/org/apache/logging/log4j/log4j-api/2.12.1/log4j-api-2.12.1.jar:/home/laliux/.m2/repository/org/slf4j/jul-to-slf4j/1.7.29/jul-to-slf4j-1.7.29.jar:/home/laliux/.m2/repository/jakarta/annotation/jakarta.annotation-api/1.3.5/jakarta.annotation-api-1.3.5.jar:/home/laliux/.m2/repository/org/yaml/snakeyaml/1.25/snakeyaml-1.25.jar:/home/laliux/.m2/repository/org/springframework/boot/spring-boot-starter-json/2.2.2.RELEASE/spring-boot-starter-json-2.2.2.RELEASE.jar:/home/laliux/.m2/repository/com/fasterxml/jackson/datatype/jackson-datatype-jdk8/2.10.1/jackson-datatype-jdk8-2.10.1.jar:/home/laliux/.m2/repository/com/fasterxml/jackson/datatype/jackson-datatype-jsr310/2.10.1/jackson-datatype-jsr310-2.10.1.jar:/home/laliux/.m2/repository/com/fasterxml/jackson/module/jackson-module-parameter-names/2.10.1/jackson-module-parameter-names-2.10.1.jar:/home/laliux/.m2/repository/org/springframework/boot/spring-boot-starter-tomcat/2.2.2.RELEASE/spring-boot-starter-tomcat-2.2.2.RELEASE.jar:/home/laliux/.m2/repository/org/apache/tomcat/embed/tomcat-embed-core/9.0.29/tomcat-embed-core-9.0.29.jar:/home/laliux/.m2/repository/org/apache/tomcat/embed/tomcat-embed-el/9.0.29/tomcat-embed-el-9.0.29.jar:/home/laliux/.m2/repository/org/apache/tomcat/embed/tomcat-embed-websocket/9.0.29/tomcat-embed-websocket-9.0.29.jar:/home/laliux/.m2/repository/org/springframework/boot/spring-boot-starter-validation/2.2.2.RELEASE/spring-boot-starter-validation-2.2.2.RELEASE.jar:/home/laliux/.m2/repository/jakarta/validation/jakarta.validation-api/2.0.1/jakarta.validation-api-2.0.1.jar:/home/laliux/.m2/repository/org/hibernate/validator/hibernate-validator/6.0.18.Final/hibernate-validator-6.0.18.Final.jar:/home/laliux/.m2/repository/org/jboss/logging/jboss-logging/3.4.1.Final/jboss-logging-3.4.1.Final.jar:/home/laliux/.m2/repository/com/fasterxml/classmate/1.5.1/classmate-1.5.1.jar:/home/laliux/.m2/repository/org/springframework/spring-web/5.2.2.RELEASE/spring-web-5.2.2.RELEASE.jar:/home/laliux/.m2/repository/org/springframework/spring-beans/5.2.2.RELEASE/spring-beans-5.2.2.RELEASE.jar:/home/laliux/.m2/repository/org/springframework/spring-webmvc/5.2.2.RELEASE/spring-webmvc-5.2.2.RELEASE.jar:/home/laliux/.m2/repository/org/springframework/spring-aop/5.2.2.RELEASE/spring-aop-5.2.2.RELEASE.jar:/home/laliux/.m2/repository/org/springframework/spring-context/5.2.2.RELEASE/spring-context-5.2.2.RELEASE.jar:/home/laliux/.m2/repository/org/springframework/spring-expression/5.2.2.RELEASE/spring-expression-5.2.2.RELEASE.jar:/home/laliux/.m2/repository/org/springframework/boot/spring-boot-starter-oauth2-resource-server/2.2.2.RELEASE/spring-boot-starter-oauth2-resource-server-2.2.2.RELEASE.jar:/home/laliux/.m2/repository/org/springframework/security/spring-security-config/5.2.1.RELEASE/spring-security-config-5.2.1.RELEASE.jar:/home/laliux/.m2/repository/org/springframework/security/spring-security-core/5.2.1.RELEASE/spring-security-core-5.2.1.RELEASE.jar:/home/laliux/.m2/repository/org/springframework/security/spring-security-oauth2-resource-server/5.2.1.RELEASE/spring-security-oauth2-resource-server-5.2.1.RELEASE.jar:/home/laliux/.m2/repository/org/springframework/security/spring-security-oauth2-core/5.2.1.RELEASE/spring-security-oauth2-core-5.2.1.RELEASE.jar:/home/laliux/.m2/repository/org/springframework/security/spring-security-oauth2-jose/5.2.1.RELEASE/spring-security-oauth2-jose-5.2.1.RELEASE.jar:/home/laliux/.m2/repository/com/nimbusds/nimbus-jose-jwt/7.8/nimbus-jose-jwt-7.8.jar:/home/laliux/.m2/repository/com/github/stephenc/jcip/jcip-annotations/1.0-1/jcip-annotations-1.0-1.jar:/home/laliux/.m2/repository/org/springframework/boot/spring-boot-starter-thymeleaf/2.2.2.RELEASE/spring-boot-starter-thymeleaf-2.2.2.RELEASE.jar:/home/laliux/.m2/repository/org/thymeleaf/thymeleaf-spring5/3.0.11.RELEASE/thymeleaf-spring5-3.0.11.RELEASE.jar:/home/laliux/.m2/repository/org/thymeleaf/thymeleaf/3.0.11.RELEASE/thymeleaf-3.0.11.RELEASE.jar:/home/laliux/.m2/repository/org/attoparser/attoparser/2.0.5.RELEASE/attoparser-2.0.5.RELEASE.jar:/home/laliux/.m2/repository/org/unbescape/unbescape/1.1.6.RELEASE/unbescape-1.1.6.RELEASE.jar:/home/laliux/.m2/repository/org/thymeleaf/extras/thymeleaf-extras-java8time/3.0.4.RELEASE/thymeleaf-extras-java8time-3.0.4.RELEASE.jar:/home/laliux/.m2/repository/org/thymeleaf/extras/thymeleaf-extras-springsecurity5/3.0.4.RELEASE/thymeleaf-extras-springsecurity5-3.0.4.RELEASE.jar:/home/laliux/.m2/repository/org/slf4j/slf4j-api/1.7.29/slf4j-api-1.7.29.jar:/home/laliux/.m2/repository/org/webjars/webjars-locator/0.38/webjars-locator-0.38.jar:/home/laliux/.m2/repository/org/webjars/webjars-locator-core/0.41/webjars-locator-core-0.41.jar:/home/laliux/.m2/repository/io/github/classgraph/classgraph/4.8.44/classgraph-4.8.44.jar:/home/laliux/.m2/repository/com/fasterxml/jackson/core/jackson-core/2.10.1/jackson-core-2.10.1.jar:/home/laliux/.m2/repository/org/webjars/npm/angular__http/2.4.10/angular__http-2.4.10.jar:/home/laliux/.m2/repository/com/fasterxml/jackson/core/jackson-databind/2.10.1/jackson-databind-2.10.1.jar:/home/laliux/.m2/repository/com/fasterxml/jackson/core/jackson-annotations/2.10.1/jackson-annotations-2.10.1.jar:/home/laliux/.m2/repository/org/apache/commons/commons-lang3/3.9/commons-lang3-3.9.jar:/home/laliux/.m2/repository/org/webjars/bootstrap/4.4.1/bootstrap-4.4.1.jar:/home/laliux/.m2/repository/org/webjars/jquery/3.0.0/jquery-3.0.0.jar:/home/laliux/.m2/repository/org/webjars/popper.js/1.14.3/popper.js-1.14.3.jar:/home/laliux/.m2/repository/org/springframework/boot/spring-boot-devtools/2.2.2.RELEASE/spring-boot-devtools-2.2.2.RELEASE.jar:/home/laliux/.m2/repository/org/springframework/boot/spring-boot/2.2.2.RELEASE/spring-boot-2.2.2.RELEASE.jar:/home/laliux/.m2/repository/org/springframework/boot/spring-boot-autoconfigure/2.2.2.RELEASE/spring-boot-autoconfigure-2.2.2.RELEASE.jar:/home/laliux/.m2/repository/org/springframework/boot/spring-boot-starter-test/2.2.2.RELEASE/spring-boot-starter-test-2.2.2.RELEASE.jar:/home/laliux/.m2/repository/org/springframework/boot/spring-boot-test/2.2.2.RELEASE/spring-boot-test-2.2.2.RELEASE.jar:/home/laliux/.m2/repository/org/springframework/boot/spring-boot-test-autoconfigure/2.2.2.RELEASE/spring-boot-test-autoconfigure-2.2.2.RELEASE.jar:/home/laliux/.m2/repository/com/jayway/jsonpath/json-path/2.4.0/json-path-2.4.0.jar:/home/laliux/.m2/repository/net/minidev/json-smart/2.3/json-smart-2.3.jar:/home/laliux/.m2/repository/net/minidev/accessors-smart/1.2/accessors-smart-1.2.jar:/home/laliux/.m2/repository/org/ow2/asm/asm/5.0.4/asm-5.0.4.jar:/home/laliux/.m2/repository/jakarta/xml/bind/jakarta.xml.bind-api/2.3.2/jakarta.xml.bind-api-2.3.2.jar:/home/laliux/.m2/repository/jakarta/activation/jakarta.activation-api/1.2.1/jakarta.activation-api-1.2.1.jar:/home/laliux/.m2/repository/org/junit/jupiter/junit-jupiter/5.5.2/junit-jupiter-5.5.2.jar:/home/laliux/.m2/repository/org/junit/jupiter/junit-jupiter-api/5.5.2/junit-jupiter-api-5.5.2.jar:/home/laliux/.m2/repository/org/opentest4j/opentest4j/1.2.0/opentest4j-1.2.0.jar:/home/laliux/.m2/repository/org/junit/platform/junit-platform-commons/1.5.2/junit-platform-commons-1.5.2.jar:/home/laliux/.m2/repository/org/junit/jupiter/junit-jupiter-params/5.5.2/junit-jupiter-params-5.5.2.jar:/home/laliux/.m2/repository/org/junit/jupiter/junit-jupiter-engine/5.5.2/junit-jupiter-engine-5.5.2.jar:/home/laliux/.m2/repository/org/junit/vintage/junit-vintage-engine/5.5.2/junit-vintage-engine-5.5.2.jar:/home/laliux/.m2/repository/org/apiguardian/apiguardian-api/1.1.0/apiguardian-api-1.1.0.jar:/home/laliux/.m2/repository/org/junit/platform/junit-platform-engine/1.5.2/junit-platform-engine-1.5.2.jar:/home/laliux/.m2/repository/junit/junit/4.12/junit-4.12.jar:/home/laliux/.m2/repository/org/mockito/mockito-junit-jupiter/3.1.0/mockito-junit-jupiter-3.1.0.jar:/home/laliux/.m2/repository/org/assertj/assertj-core/3.13.2/assertj-core-3.13.2.jar:/home/laliux/.m2/repository/org/hamcrest/hamcrest/2.1/hamcrest-2.1.jar:/home/laliux/.m2/repository/org/mockito/mockito-core/3.1.0/mockito-core-3.1.0.jar:/home/laliux/.m2/repository/net/bytebuddy/byte-buddy/1.10.4/byte-buddy-1.10.4.jar:/home/laliux/.m2/repository/net/bytebuddy/byte-buddy-agent/1.10.4/byte-buddy-agent-1.10.4.jar:/home/laliux/.m2/repository/org/objenesis/objenesis/2.6/objenesis-2.6.jar:/home/laliux/.m2/repository/org/skyscreamer/jsonassert/1.5.0/jsonassert-1.5.0.jar:/home/laliux/.m2/repository/com/vaadin/external/google/android-json/0.0.20131108.vaadin1/android-json-0.0.20131108.vaadin1.jar:/home/laliux/.m2/repository/org/springframework/spring-core/5.2.2.RELEASE/spring-core-5.2.2.RELEASE.jar:/home/laliux/.m2/repository/org/springframework/spring-jcl/5.2.2.RELEASE/spring-jcl-5.2.2.RELEASE.jar:/home/laliux/.m2/repository/org/springframework/spring-test/5.2.2.RELEASE/spring-test-5.2.2.RELEASE.jar:/home/laliux/.m2/repository/org/xmlunit/xmlunit-core/2.6.3/xmlunit-core-2.6.3.jar:/home/laliux/.m2/repository/org/springframework/security/spring-security-test/5.2.1.RELEASE/spring-security-test-5.2.1.RELEASE.jar:/home/laliux/.m2/repository/org/springframework/security/spring-security-web/5.2.1.RELEASE/spring-security-web-5.2.1.RELEASE.jar:"/>
    <property name="java.vm.vendor" value="AdoptOpenJDK"/>
    <property name="sun.arch.data.model" value="64"/>
    <property name="java.vendor.url" value="https://adoptopenjdk.net/"/>
    <property name="os.name" value="Linux"/>
    <property name="java.vm.specification.version" value="12"/>
    <property name="sun.java.launcher" value="SUN_STANDARD"/>
    <property name="sun.boot.library.path" value="/home/laliux/.sdkman/candidates/java/12.0.2.hs-adpt/lib"/>
    <property name="sun.java.command" value="/mnt/c/Users/jvmmx/intro-sso-keycloak/spring-security/spring-cloud-gateway-oidc-tokenrelay/mock-flights-service/target/surefire/surefirebooter12141030903571797495.jar /mnt/c/Users/jvmmx/intro-sso-keycloak/spring-security/spring-cloud-gateway-oidc-tokenrelay/mock-flights-service/target/surefire 2020-02-23T13-21-56_772-jvmRun1 surefire16691348198421953725tmp surefire_1945687414069429542tmp"/>
    <property name="jdk.debug" value="release"/>
    <property name="surefire.test.class.path" value="/mnt/c/Users/jvmmx/intro-sso-keycloak/spring-security/spring-cloud-gateway-oidc-tokenrelay/mock-flights-service/target/test-classes:/mnt/c/Users/jvmmx/intro-sso-keycloak/spring-security/spring-cloud-gateway-oidc-tokenrelay/mock-flights-service/target/classes:/home/laliux/.m2/repository/org/springframework/boot/spring-boot-starter-web/2.2.2.RELEASE/spring-boot-starter-web-2.2.2.RELEASE.jar:/home/laliux/.m2/repository/org/springframework/boot/spring-boot-starter/2.2.2.RELEASE/spring-boot-starter-2.2.2.RELEASE.jar:/home/laliux/.m2/repository/org/springframework/boot/spring-boot-starter-logging/2.2.2.RELEASE/spring-boot-starter-logging-2.2.2.RELEASE.jar:/home/laliux/.m2/repository/ch/qos/logback/logback-classic/1.2.3/logback-classic-1.2.3.jar:/home/laliux/.m2/repository/ch/qos/logback/logback-core/1.2.3/logback-core-1.2.3.jar:/home/laliux/.m2/repository/org/apache/logging/log4j/log4j-to-slf4j/2.12.1/log4j-to-slf4j-2.12.1.jar:/home/laliux/.m2/repository/org/apache/logging/log4j/log4j-api/2.12.1/log4j-api-2.12.1.jar:/home/laliux/.m2/repository/org/slf4j/jul-to-slf4j/1.7.29/jul-to-slf4j-1.7.29.jar:/home/laliux/.m2/repository/jakarta/annotation/jakarta.annotation-api/1.3.5/jakarta.annotation-api-1.3.5.jar:/home/laliux/.m2/repository/org/yaml/snakeyaml/1.25/snakeyaml-1.25.jar:/home/laliux/.m2/repository/org/springframework/boot/spring-boot-starter-json/2.2.2.RELEASE/spring-boot-starter-json-2.2.2.RELEASE.jar:/home/laliux/.m2/repository/com/fasterxml/jackson/datatype/jackson-datatype-jdk8/2.10.1/jackson-datatype-jdk8-2.10.1.jar:/home/laliux/.m2/repository/com/fasterxml/jackson/datatype/jackson-datatype-jsr310/2.10.1/jackson-datatype-jsr310-2.10.1.jar:/home/laliux/.m2/repository/com/fasterxml/jackson/module/jackson-module-parameter-names/2.10.1/jackson-module-parameter-names-2.10.1.jar:/home/laliux/.m2/repository/org/springframework/boot/spring-boot-starter-tomcat/2.2.2.RELEASE/spring-boot-starter-tomcat-2.2.2.RELEASE.jar:/home/laliux/.m2/repository/org/apache/tomcat/embed/tomcat-embed-core/9.0.29/tomcat-embed-core-9.0.29.jar:/home/laliux/.m2/repository/org/apache/tomcat/embed/tomcat-embed-el/9.0.29/tomcat-embed-el-9.0.29.jar:/home/laliux/.m2/repository/org/apache/tomcat/embed/tomcat-embed-websocket/9.0.29/tomcat-embed-websocket-9.0.29.jar:/home/laliux/.m2/repository/org/springframework/boot/spring-boot-starter-validation/2.2.2.RELEASE/spring-boot-starter-validation-2.2.2.RELEASE.jar:/home/laliux/.m2/repository/jakarta/validation/jakarta.validation-api/2.0.1/jakarta.validation-api-2.0.1.jar:/home/laliux/.m2/repository/org/hibernate/validator/hibernate-validator/6.0.18.Final/hibernate-validator-6.0.18.Final.jar:/home/laliux/.m2/repository/org/jboss/logging/jboss-logging/3.4.1.Final/jboss-logging-3.4.1.Final.jar:/home/laliux/.m2/repository/com/fasterxml/classmate/1.5.1/classmate-1.5.1.jar:/home/laliux/.m2/repository/org/springframework/spring-web/5.2.2.RELEASE/spring-web-5.2.2.RELEASE.jar:/home/laliux/.m2/repository/org/springframework/spring-beans/5.2.2.RELEASE/spring-beans-5.2.2.RELEASE.jar:/home/laliux/.m2/repository/org/springframework/spring-webmvc/5.2.2.RELEASE/spring-webmvc-5.2.2.RELEASE.jar:/home/laliux/.m2/repository/org/springframework/spring-aop/5.2.2.RELEASE/spring-aop-5.2.2.RELEASE.jar:/home/laliux/.m2/repository/org/springframework/spring-context/5.2.2.RELEASE/spring-context-5.2.2.RELEASE.jar:/home/laliux/.m2/repository/org/springframework/spring-expression/5.2.2.RELEASE/spring-expression-5.2.2.RELEASE.jar:/home/laliux/.m2/repository/org/springframework/boot/spring-boot-starter-oauth2-resource-server/2.2.2.RELEASE/spring-boot-starter-oauth2-resource-server-2.2.2.RELEASE.jar:/home/laliux/.m2/repository/org/springframework/security/spring-security-config/5.2.1.RELEASE/spring-security-config-5.2.1.RELEASE.jar:/home/laliux/.m2/repository/org/springframework/security/spring-security-core/5.2.1.RELEASE/spring-security-core-5.2.1.RELEASE.jar:/home/laliux/.m2/repository/org/springframework/security/spring-security-oauth2-resource-server/5.2.1.RELEASE/spring-security-oauth2-resource-server-5.2.1.RELEASE.jar:/home/laliux/.m2/repository/org/springframework/security/spring-security-oauth2-core/5.2.1.RELEASE/spring-security-oauth2-core-5.2.1.RELEASE.jar:/home/laliux/.m2/repository/org/springframework/security/spring-security-oauth2-jose/5.2.1.RELEASE/spring-security-oauth2-jose-5.2.1.RELEASE.jar:/home/laliux/.m2/repository/com/nimbusds/nimbus-jose-jwt/7.8/nimbus-jose-jwt-7.8.jar:/home/laliux/.m2/repository/com/github/stephenc/jcip/jcip-annotations/1.0-1/jcip-annotations-1.0-1.jar:/home/laliux/.m2/repository/org/springframework/boot/spring-boot-starter-thymeleaf/2.2.2.RELEASE/spring-boot-starter-thymeleaf-2.2.2.RELEASE.jar:/home/laliux/.m2/repository/org/thymeleaf/thymeleaf-spring5/3.0.11.RELEASE/thymeleaf-spring5-3.0.11.RELEASE.jar:/home/laliux/.m2/repository/org/thymeleaf/thymeleaf/3.0.11.RELEASE/thymeleaf-3.0.11.RELEASE.jar:/home/laliux/.m2/repository/org/attoparser/attoparser/2.0.5.RELEASE/attoparser-2.0.5.RELEASE.jar:/home/laliux/.m2/repository/org/unbescape/unbescape/1.1.6.RELEASE/unbescape-1.1.6.RELEASE.jar:/home/laliux/.m2/repository/org/thymeleaf/extras/thymeleaf-extras-java8time/3.0.4.RELEASE/thymeleaf-extras-java8time-3.0.4.RELEASE.jar:/home/laliux/.m2/repository/org/thymeleaf/extras/thymeleaf-extras-springsecurity5/3.0.4.RELEASE/thymeleaf-extras-springsecurity5-3.0.4.RELEASE.jar:/home/laliux/.m2/repository/org/slf4j/slf4j-api/1.7.29/slf4j-api-1.7.29.jar:/home/laliux/.m2/repository/org/webjars/webjars-locator/0.38/webjars-locator-0.38.jar:/home/laliux/.m2/repository/org/webjars/webjars-locator-core/0.41/webjars-locator-core-0.41.jar:/home/laliux/.m2/repository/io/github/classgraph/classgraph/4.8.44/classgraph-4.8.44.jar:/home/laliux/.m2/repository/com/fasterxml/jackson/core/jackson-core/2.10.1/jackson-core-2.10.1.jar:/home/laliux/.m2/repository/org/webjars/npm/angular__http/2.4.10/angular__http-2.4.10.jar:/home/laliux/.m2/repository/com/fasterxml/jackson/core/jackson-databind/2.10.1/jackson-databind-2.10.1.jar:/home/laliux/.m2/repository/com/fasterxml/jackson/core/jackson-annotations/2.10.1/jackson-annotations-2.10.1.jar:/home/laliux/.m2/repository/org/apache/commons/commons-lang3/3.9/commons-lang3-3.9.jar:/home/laliux/.m2/repository/org/webjars/bootstrap/4.4.1/bootstrap-4.4.1.jar:/home/laliux/.m2/repository/org/webjars/jquery/3.0.0/jquery-3.0.0.jar:/home/laliux/.m2/repository/org/webjars/popper.js/1.14.3/popper.js-1.14.3.jar:/home/laliux/.m2/repository/org/springframework/boot/spring-boot-devtools/2.2.2.RELEASE/spring-boot-devtools-2.2.2.RELEASE.jar:/home/laliux/.m2/repository/org/springframework/boot/spring-boot/2.2.2.RELEASE/spring-boot-2.2.2.RELEASE.jar:/home/laliux/.m2/repository/org/springframework/boot/spring-boot-autoconfigure/2.2.2.RELEASE/spring-boot-autoconfigure-2.2.2.RELEASE.jar:/home/laliux/.m2/repository/org/springframework/boot/spring-boot-starter-test/2.2.2.RELEASE/spring-boot-starter-test-2.2.2.RELEASE.jar:/home/laliux/.m2/repository/org/springframework/boot/spring-boot-test/2.2.2.RELEASE/spring-boot-test-2.2.2.RELEASE.jar:/home/laliux/.m2/repository/org/springframework/boot/spring-boot-test-autoconfigure/2.2.2.RELEASE/spring-boot-test-autoconfigure-2.2.2.RELEASE.jar:/home/laliux/.m2/repository/com/jayway/jsonpath/json-path/2.4.0/json-path-2.4.0.jar:/home/laliux/.m2/repository/net/minidev/json-smart/2.3/json-smart-2.3.jar:/home/laliux/.m2/repository/net/minidev/accessors-smart/1.2/accessors-smart-1.2.jar:/home/laliux/.m2/repository/org/ow2/asm/asm/5.0.4/asm-5.0.4.jar:/home/laliux/.m2/repository/jakarta/xml/bind/jakarta.xml.bind-api/2.3.2/jakarta.xml.bind-api-2.3.2.jar:/home/laliux/.m2/repository/jakarta/activation/jakarta.activation-api/1.2.1/jakarta.activation-api-1.2.1.jar:/home/laliux/.m2/repository/org/junit/jupiter/junit-jupiter/5.5.2/junit-jupiter-5.5.2.jar:/home/laliux/.m2/repository/org/junit/jupiter/junit-jupiter-api/5.5.2/junit-jupiter-api-5.5.2.jar:/home/laliux/.m2/repository/org/opentest4j/opentest4j/1.2.0/opentest4j-1.2.0.jar:/home/laliux/.m2/repository/org/junit/platform/junit-platform-commons/1.5.2/junit-platform-commons-1.5.2.jar:/home/laliux/.m2/repository/org/junit/jupiter/junit-jupiter-params/5.5.2/junit-jupiter-params-5.5.2.jar:/home/laliux/.m2/repository/org/junit/jupiter/junit-jupiter-engine/5.5.2/junit-jupiter-engine-5.5.2.jar:/home/laliux/.m2/repository/org/junit/vintage/junit-vintage-engine/5.5.2/junit-vintage-engine-5.5.2.jar:/home/laliux/.m2/repository/org/apiguardian/apiguardian-api/1.1.0/apiguardian-api-1.1.0.jar:/home/laliux/.m2/repository/org/junit/platform/junit-platform-engine/1.5.2/junit-platform-engine-1.5.2.jar:/home/laliux/.m2/repository/junit/junit/4.12/junit-4.12.jar:/home/laliux/.m2/repository/org/mockito/mockito-junit-jupiter/3.1.0/mockito-junit-jupiter-3.1.0.jar:/home/laliux/.m2/repository/org/assertj/assertj-core/3.13.2/assertj-core-3.13.2.jar:/home/laliux/.m2/repository/org/hamcrest/hamcrest/2.1/hamcrest-2.1.jar:/home/laliux/.m2/repository/org/mockito/mockito-core/3.1.0/mockito-core-3.1.0.jar:/home/laliux/.m2/repository/net/bytebuddy/byte-buddy/1.10.4/byte-buddy-1.10.4.jar:/home/laliux/.m2/repository/net/bytebuddy/byte-buddy-agent/1.10.4/byte-buddy-agent-1.10.4.jar:/home/laliux/.m2/repository/org/objenesis/objenesis/2.6/objenesis-2.6.jar:/home/laliux/.m2/repository/org/skyscreamer/jsonassert/1.5.0/jsonassert-1.5.0.jar:/home/laliux/.m2/repository/com/vaadin/external/google/android-json/0.0.20131108.vaadin1/android-json-0.0.20131108.vaadin1.jar:/home/laliux/.m2/repository/org/springframework/spring-core/5.2.2.RELEASE/spring-core-5.2.2.RELEASE.jar:/home/laliux/.m2/repository/org/springframework/spring-jcl/5.2.2.RELEASE/spring-jcl-5.2.2.RELEASE.jar:/home/laliux/.m2/repository/org/springframework/spring-test/5.2.2.RELEASE/spring-test-5.2.2.RELEASE.jar:/home/laliux/.m2/repository/org/xmlunit/xmlunit-core/2.6.3/xmlunit-core-2.6.3.jar:/home/laliux/.m2/repository/org/springframework/security/spring-security-test/5.2.1.RELEASE/spring-security-test-5.2.1.RELEASE.jar:/home/laliux/.m2/repository/org/springframework/security/spring-security-web/5.2.1.RELEASE/spring-security-web-5.2.1.RELEASE.jar:"/>
    <property name="sun.cpu.endian" value="little"/>
    <property name="user.home" value="/home/laliux"/>
    <property name="user.language" value="en"/>
    <property name="java.specification.vendor" value="Oracle Corporation"/>
    <property name="java.version.date" value="2019-07-16"/>
    <property name="java.home" value="/home/laliux/.sdkman/candidates/java/12.0.2.hs-adpt"/>
    <property name="file.separator" value="/"/>
    <property name="basedir" value="/mnt/c/Users/jvmmx/intro-sso-keycloak/spring-security/spring-cloud-gateway-oidc-tokenrelay/mock-flights-service"/>
    <property name="java.vm.compressedOopsMode" value="32-bit"/>
    <property name="line.separator" value="&#10;"/>
    <property name="java.vm.specification.vendor" value="Oracle Corporation"/>
    <property name="java.specification.name" value="Java Platform API Specification"/>
    <property name="java.awt.graphicsenv" value="sun.awt.X11GraphicsEnvironment"/>
    <property name="surefire.real.class.path" value="/mnt/c/Users/jvmmx/intro-sso-keycloak/spring-security/spring-cloud-gateway-oidc-tokenrelay/mock-flights-service/target/surefire/surefirebooter12141030903571797495.jar"/>
    <property name="sun.management.compiler" value="HotSpot 64-Bit Tiered Compilers"/>
    <property name="java.runtime.version" value="12.0.2+10"/>
    <property name="user.name" value="laliux"/>
    <property name="path.separator" value=":"/>
    <property name="os.version" value="4.4.0-18362-Microsoft"/>
    <property name="java.runtime.name" value="OpenJDK Runtime Environment"/>
    <property name="file.encoding" value="UTF-8"/>
    <property name="java.vm.name" value="OpenJDK 64-Bit Server VM"/>
    <property name="java.vendor.version" value="AdoptOpenJDK"/>
    <property name="localRepository" value="/home/laliux/.m2/repository"/>
    <property name="java.vendor.url.bug" value="https://github.com/AdoptOpenJDK/openjdk-build/issues"/>
    <property name="java.io.tmpdir" value="/tmp"/>
    <property name="java.version" value="12.0.2"/>
    <property name="user.dir" value="/mnt/c/Users/jvmmx/intro-sso-keycloak/spring-security/spring-cloud-gateway-oidc-tokenrelay/mock-flights-service"/>
    <property name="os.arch" value="amd64"/>
    <property name="java.vm.specification.name" value="Java Virtual Machine Specification"/>
    <property name="java.library.path" value="/usr/java/packages/lib:/usr/lib64:/lib64:/lib:/usr/lib"/>
    <property name="java.vm.info" value="mixed mode, sharing"/>
    <property name="java.vendor" value="AdoptOpenJDK"/>
    <property name="java.vm.version" value="12.0.2+10"/>
    <property name="sun.io.unicode.encoding" value="UnicodeLittle"/>
    <property name="java.class.version" value="56.0"/>
  </properties>
  <testcase name="testGetIndex" classname="com.jdriven.flights.FlightsApplicationTest" time="0.104"/>
</testsuite>