<?xml version="1.0" encoding="UTF-8"?>
<testsuite xmlns:xsi="http://www.w3.org/2001/XMLSchema-instance" xsi:noNamespaceSchemaLocation="https://maven.apache.org/surefire/maven-surefire-plugin/xsd/surefire-test-report.xsd" name="com.jdriven.gateway.TravelGatewayApplicationTest" time="40.5" tests="3" errors="0" skipped="0" failures="0">
  <properties>
    <property name="awt.toolkit" value="sun.awt.X11.XToolkit"/>
    <property name="java.specification.version" value="12"/>
    <property name="sun.jnu.encoding" value="UTF-8"/>
    <property name="java.class.path" value="/mnt/c/Users/jvmmx/intro-sso-keycloak/spring-security-samples/spring-cloud-gateway-oidc-tokenrelay/travel-spring-cloud-gateway/target/test-classes:/mnt/c/Users/jvmmx/intro-sso-keycloak/spring-security-samples/spring-cloud-gateway-oidc-tokenrelay/travel-spring-cloud-gateway/target/classes:/home/laliux/.m2/repository/org/springframework/boot/spring-boot-starter-oauth2-client/2.2.2.RELEASE/spring-boot-starter-oauth2-client-2.2.2.RELEASE.jar:/home/laliux/.m2/repository/org/springframework/boot/spring-boot-starter/2.2.2.RELEASE/spring-boot-starter-2.2.2.RELEASE.jar:/home/laliux/.m2/repository/org/springframework/boot/spring-boot-starter-logging/2.2.2.RELEASE/spring-boot-starter-logging-2.2.2.RELEASE.jar:/home/laliux/.m2/repository/ch/qos/logback/logback-classic/1.2.3/logback-classic-1.2.3.jar:/home/laliux/.m2/repository/ch/qos/logback/logback-core/1.2.3/logback-core-1.2.3.jar:/home/laliux/.m2/repository/org/apache/logging/log4j/log4j-to-slf4j/2.12.1/log4j-to-slf4j-2.12.1.jar:/home/laliux/.m2/repository/org/apache/logging/log4j/log4j-api/2.12.1/log4j-api-2.12.1.jar:/home/laliux/.m2/repository/org/slf4j/jul-to-slf4j/1.7.29/jul-to-slf4j-1.7.29.jar:/home/laliux/.m2/repository/jakarta/annotation/jakarta.annotation-api/1.3.5/jakarta.annotation-api-1.3.5.jar:/home/laliux/.m2/repository/org/yaml/snakeyaml/1.25/snakeyaml-1.25.jar:/home/laliux/.m2/repository/com/sun/mail/jakarta.mail/1.6.4/jakarta.mail-1.6.4.jar:/home/laliux/.m2/repository/com/sun/activation/jakarta.activation/1.2.1/jakarta.activation-1.2.1.jar:/home/laliux/.m2/repository/org/springframework/security/spring-security-config/5.2.1.RELEASE/spring-security-config-5.2.1.RELEASE.jar:/home/laliux/.m2/repository/org/springframework/spring-aop/5.2.2.RELEASE/spring-aop-5.2.2.RELEASE.jar:/home/laliux/.m2/repository/org/springframework/spring-beans/5.2.2.RELEASE/spring-beans-5.2.2.RELEASE.jar:/home/laliux/.m2/repository/org/springframework/spring-context/5.2.2.RELEASE/spring-context-5.2.2.RELEASE.jar:/home/laliux/.m2/repository/org/springframework/security/spring-security-core/5.2.1.RELEASE/spring-security-core-5.2.1.RELEASE.jar:/home/laliux/.m2/repository/org/springframework/spring-expression/5.2.2.RELEASE/spring-expression-5.2.2.RELEASE.jar:/home/laliux/.m2/repository/org/springframework/security/spring-security-oauth2-client/5.2.1.RELEASE/spring-security-oauth2-client-5.2.1.RELEASE.jar:/home/laliux/.m2/repository/com/nimbusds/oauth2-oidc-sdk/6.14/oauth2-oidc-sdk-6.14.jar:/home/laliux/.m2/repository/com/github/stephenc/jcip/jcip-annotations/1.0-1/jcip-annotations-1.0-1.jar:/home/laliux/.m2/repository/com/nimbusds/lang-tag/1.4.4/lang-tag-1.4.4.jar:/home/laliux/.m2/repository/org/springframework/security/spring-security-oauth2-core/5.2.1.RELEASE/spring-security-oauth2-core-5.2.1.RELEASE.jar:/home/laliux/.m2/repository/org/springframework/security/spring-security-oauth2-jose/5.2.1.RELEASE/spring-security-oauth2-jose-5.2.1.RELEASE.jar:/home/laliux/.m2/repository/com/nimbusds/nimbus-jose-jwt/7.8/nimbus-jose-jwt-7.8.jar:/home/laliux/.m2/repository/org/springframework/cloud/spring-cloud-starter-gateway/2.2.1.RELEASE/spring-cloud-starter-gateway-2.2.1.RELEASE.jar:/home/laliux/.m2/repository/org/springframework/cloud/spring-cloud-starter/2.2.1.RELEASE/spring-cloud-starter-2.2.1.RELEASE.jar:/home/laliux/.m2/repository/org/springframework/cloud/spring-cloud-context/2.2.1.RELEASE/spring-cloud-context-2.2.1.RELEASE.jar:/home/laliux/.m2/repository/org/springframework/security/spring-security-crypto/5.2.1.RELEASE/spring-security-crypto-5.2.1.RELEASE.jar:/home/laliux/.m2/repository/org/springframework/cloud/spring-cloud-commons/2.2.1.RELEASE/spring-cloud-commons-2.2.1.RELEASE.jar:/home/laliux/.m2/repository/org/springframework/security/spring-security-rsa/1.0.9.RELEASE/spring-security-rsa-1.0.9.RELEASE.jar:/home/laliux/.m2/repository/org/bouncycastle/bcpkix-jdk15on/1.64/bcpkix-jdk15on-1.64.jar:/home/laliux/.m2/repository/org/bouncycastle/bcprov-jdk15on/1.64/bcprov-jdk15on-1.64.jar:/home/laliux/.m2/repository/org/springframework/cloud/spring-cloud-gateway-core/2.2.1.RELEASE/spring-cloud-gateway-core-2.2.1.RELEASE.jar:/home/laliux/.m2/repository/io/projectreactor/addons/reactor-extra/3.3.1.RELEASE/reactor-extra-3.3.1.RELEASE.jar:/home/laliux/.m2/repository/io/projectreactor/reactor-core/3.3.1.RELEASE/reactor-core-3.3.1.RELEASE.jar:/home/laliux/.m2/repository/org/reactivestreams/reactive-streams/1.0.3/reactive-streams-1.0.3.jar:/home/laliux/.m2/repository/org/springframework/boot/spring-boot-starter-webflux/2.2.2.RELEASE/spring-boot-starter-webflux-2.2.2.RELEASE.jar:/home/laliux/.m2/repository/org/springframework/boot/spring-boot-starter-json/2.2.2.RELEASE/spring-boot-starter-json-2.2.2.RELEASE.jar:/home/laliux/.m2/repository/com/fasterxml/jackson/datatype/jackson-datatype-jdk8/2.10.1/jackson-datatype-jdk8-2.10.1.jar:/home/laliux/.m2/repository/com/fasterxml/jackson/datatype/jackson-datatype-jsr310/2.10.1/jackson-datatype-jsr310-2.10.1.jar:/home/laliux/.m2/repository/com/fasterxml/jackson/module/jackson-module-parameter-names/2.10.1/jackson-module-parameter-names-2.10.1.jar:/home/laliux/.m2/repository/org/springframework/boot/spring-boot-starter-reactor-netty/2.2.2.RELEASE/spring-boot-starter-reactor-netty-2.2.2.RELEASE.jar:/home/laliux/.m2/repository/io/projectreactor/netty/reactor-netty/0.9.2.RELEASE/reactor-netty-0.9.2.RELEASE.jar:/home/laliux/.m2/repository/io/netty/netty-codec-http/4.1.43.Final/netty-codec-http-4.1.43.Final.jar:/home/laliux/.m2/repository/io/netty/netty-common/4.1.43.Final/netty-common-4.1.43.Final.jar:/home/laliux/.m2/repository/io/netty/netty-buffer/4.1.43.Final/netty-buffer-4.1.43.Final.jar:/home/laliux/.m2/repository/io/netty/netty-transport/4.1.43.Final/netty-transport-4.1.43.Final.jar:/home/laliux/.m2/repository/io/netty/netty-resolver/4.1.43.Final/netty-resolver-4.1.43.Final.jar:/home/laliux/.m2/repository/io/netty/netty-codec/4.1.43.Final/netty-codec-4.1.43.Final.jar:/home/laliux/.m2/repository/io/netty/netty-codec-http2/4.1.43.Final/netty-codec-http2-4.1.43.Final.jar:/home/laliux/.m2/repository/io/netty/netty-handler/4.1.43.Final/netty-handler-4.1.43.Final.jar:/home/laliux/.m2/repository/io/netty/netty-handler-proxy/4.1.43.Final/netty-handler-proxy-4.1.43.Final.jar:/home/laliux/.m2/repository/io/netty/netty-codec-socks/4.1.43.Final/netty-codec-socks-4.1.43.Final.jar:/home/laliux/.m2/repository/io/netty/netty-transport-native-epoll/4.1.43.Final/netty-transport-native-epoll-4.1.43.Final-linux-x86_64.jar:/home/laliux/.m2/repository/io/netty/netty-transport-native-unix-common/4.1.43.Final/netty-transport-native-unix-common-4.1.43.Final.jar:/home/laliux/.m2/repository/org/glassfish/jakarta.el/3.0.3/jakarta.el-3.0.3.jar:/home/laliux/.m2/repository/org/springframework/boot/spring-boot-starter-validation/2.2.2.RELEASE/spring-boot-starter-validation-2.2.2.RELEASE.jar:/home/laliux/.m2/repository/jakarta/validation/jakarta.validation-api/2.0.1/jakarta.validation-api-2.0.1.jar:/home/laliux/.m2/repository/org/hibernate/validator/hibernate-validator/6.0.18.Final/hibernate-validator-6.0.18.Final.jar:/home/laliux/.m2/repository/org/jboss/logging/jboss-logging/3.4.1.Final/jboss-logging-3.4.1.Final.jar:/home/laliux/.m2/repository/com/fasterxml/classmate/1.5.1/classmate-1.5.1.jar:/home/laliux/.m2/repository/org/springframework/spring-webflux/5.2.2.RELEASE/spring-webflux-5.2.2.RELEASE.jar:/home/laliux/.m2/repository/org/synchronoss/cloud/nio-multipart-parser/1.1.0/nio-multipart-parser-1.1.0.jar:/home/laliux/.m2/repository/org/synchronoss/cloud/nio-stream-storage/1.1.3/nio-stream-storage-1.1.3.jar:/home/laliux/.m2/repository/org/springframework/cloud/spring-cloud-security/2.2.0.RELEASE/spring-cloud-security-2.2.0.RELEASE.jar:/home/laliux/.m2/repository/org/springframework/boot/spring-boot-starter-security/2.2.2.RELEASE/spring-boot-starter-security-2.2.2.RELEASE.jar:/home/laliux/.m2/repository/javax/activation/javax.activation-api/1.2.0/javax.activation-api-1.2.0.jar:/home/laliux/.m2/repository/javax/xml/bind/jaxb-api/2.3.1/jaxb-api-2.3.1.jar:/home/laliux/.m2/repository/org/springframework/cloud/spring-cloud-contract-wiremock/2.2.1.RELEASE/spring-cloud-contract-wiremock-2.2.1.RELEASE.jar:/home/laliux/.m2/repository/org/springframework/spring-web/5.2.2.RELEASE/spring-web-5.2.2.RELEASE.jar:/home/laliux/.m2/repository/com/github/tomakehurst/wiremock-jre8-standalone/2.25.1/wiremock-jre8-standalone-2.25.1.jar:/home/laliux/.m2/repository/org/apache/httpcomponents/httpclient/4.5.10/httpclient-4.5.10.jar:/home/laliux/.m2/repository/org/apache/httpcomponents/httpcore/4.4.12/httpcore-4.4.12.jar:/home/laliux/.m2/repository/commons-codec/commons-codec/1.13/commons-codec-1.13.jar:/home/laliux/.m2/repository/org/assertj/assertj-core/3.13.2/assertj-core-3.13.2.jar:/home/laliux/.m2/repository/org/springframework/boot/spring-boot-starter-thymeleaf/2.2.2.RELEASE/spring-boot-starter-thymeleaf-2.2.2.RELEASE.jar:/home/laliux/.m2/repository/org/thymeleaf/thymeleaf-spring5/3.0.11.RELEASE/thymeleaf-spring5-3.0.11.RELEASE.jar:/home/laliux/.m2/repository/org/thymeleaf/thymeleaf/3.0.11.RELEASE/thymeleaf-3.0.11.RELEASE.jar:/home/laliux/.m2/repository/org/attoparser/attoparser/2.0.5.RELEASE/attoparser-2.0.5.RELEASE.jar:/home/laliux/.m2/repository/org/unbescape/unbescape/1.1.6.RELEASE/unbescape-1.1.6.RELEASE.jar:/home/laliux/.m2/repository/org/thymeleaf/extras/thymeleaf-extras-java8time/3.0.4.RELEASE/thymeleaf-extras-java8time-3.0.4.RELEASE.jar:/home/laliux/.m2/repository/org/thymeleaf/extras/thymeleaf-extras-springsecurity5/3.0.4.RELEASE/thymeleaf-extras-springsecurity5-3.0.4.RELEASE.jar:/home/laliux/.m2/repository/org/slf4j/slf4j-api/1.7.29/slf4j-api-1.7.29.jar:/home/laliux/.m2/repository/org/webjars/webjars-locator/0.38/webjars-locator-0.38.jar:/home/laliux/.m2/repository/org/webjars/webjars-locator-core/0.41/webjars-locator-core-0.41.jar:/home/laliux/.m2/repository/io/github/classgraph/classgraph/4.8.44/classgraph-4.8.44.jar:/home/laliux/.m2/repository/com/fasterxml/jackson/core/jackson-core/2.10.1/jackson-core-2.10.1.jar:/home/laliux/.m2/repository/org/webjars/npm/angular__http/2.4.10/angular__http-2.4.10.jar:/home/laliux/.m2/repository/com/fasterxml/jackson/core/jackson-databind/2.10.1/jackson-databind-2.10.1.jar:/home/laliux/.m2/repository/com/fasterxml/jackson/core/jackson-annotations/2.10.1/jackson-annotations-2.10.1.jar:/home/laliux/.m2/repository/org/apache/commons/commons-lang3/3.9/commons-lang3-3.9.jar:/home/laliux/.m2/repository/org/webjars/bootstrap/4.4.1/bootstrap-4.4.1.jar:/home/laliux/.m2/repository/org/webjars/jquery/3.0.0/jquery-3.0.0.jar:/home/laliux/.m2/repository/org/webjars/popper.js/1.14.3/popper.js-1.14.3.jar:/home/laliux/.m2/repository/org/springframework/boot/spring-boot-devtools/2.2.2.RELEASE/spring-boot-devtools-2.2.2.RELEASE.jar:/home/laliux/.m2/repository/org/springframework/boot/spring-boot/2.2.2.RELEASE/spring-boot-2.2.2.RELEASE.jar:/home/laliux/.m2/repository/org/springframework/boot/spring-boot-autoconfigure/2.2.2.RELEASE/spring-boot-autoconfigure-2.2.2.RELEASE.jar:/home/laliux/.m2/repository/org/springframework/boot/spring-boot-starter-test/2.2.2.RELEASE/spring-boot-starter-test-2.2.2.RELEASE.jar:/home/laliux/.m2/repository/org/springframework/boot/spring-boot-test/2.2.2.RELEASE/spring-boot-test-2.2.2.RELEASE.jar:/home/laliux/.m2/repository/org/springframework/boot/spring-boot-test-autoconfigure/2.2.2.RELEASE/spring-boot-test-autoconfigure-2.2.2.RELEASE.jar:/home/laliux/.m2/repository/com/jayway/jsonpath/json-path/2.4.0/json-path-2.4.0.jar:/home/laliux/.m2/repository/net/minidev/json-smart/2.3/json-smart-2.3.jar:/home/laliux/.m2/repository/net/minidev/accessors-smart/1.2/accessors-smart-1.2.jar:/home/laliux/.m2/repository/org/ow2/asm/asm/5.0.4/asm-5.0.4.jar:/home/laliux/.m2/repository/jakarta/xml/bind/jakarta.xml.bind-api/2.3.2/jakarta.xml.bind-api-2.3.2.jar:/home/laliux/.m2/repository/jakarta/activation/jakarta.activation-api/1.2.1/jakarta.activation-api-1.2.1.jar:/home/laliux/.m2/repository/org/junit/jupiter/junit-jupiter/5.5.2/junit-jupiter-5.5.2.jar:/home/laliux/.m2/repository/org/junit/jupiter/junit-jupiter-api/5.5.2/junit-jupiter-api-5.5.2.jar:/home/laliux/.m2/repository/org/opentest4j/opentest4j/1.2.0/opentest4j-1.2.0.jar:/home/laliux/.m2/repository/org/junit/platform/junit-platform-commons/1.5.2/junit-platform-commons-1.5.2.jar:/home/laliux/.m2/repository/org/junit/jupiter/junit-jupiter-params/5.5.2/junit-jupiter-params-5.5.2.jar:/home/laliux/.m2/repository/org/junit/jupiter/junit-jupiter-engine/5.5.2/junit-jupiter-engine-5.5.2.jar:/home/laliux/.m2/repository/org/junit/vintage/junit-vintage-engine/5.5.2/junit-vintage-engine-5.5.2.jar:/home/laliux/.m2/repository/org/apiguardian/apiguardian-api/1.1.0/apiguardian-api-1.1.0.jar:/home/laliux/.m2/repository/org/junit/platform/junit-platform-engine/1.5.2/junit-platform-engine-1.5.2.jar:/home/laliux/.m2/repository/junit/junit/4.12/junit-4.12.jar:/home/laliux/.m2/repository/org/mockito/mockito-junit-jupiter/3.1.0/mockito-junit-jupiter-3.1.0.jar:/home/laliux/.m2/repository/org/hamcrest/hamcrest/2.1/hamcrest-2.1.jar:/home/laliux/.m2/repository/org/mockito/mockito-core/3.1.0/mockito-core-3.1.0.jar:/home/laliux/.m2/repository/net/bytebuddy/byte-buddy/1.10.4/byte-buddy-1.10.4.jar:/home/laliux/.m2/repository/net/bytebuddy/byte-buddy-agent/1.10.4/byte-buddy-agent-1.10.4.jar:/home/laliux/.m2/repository/org/objenesis/objenesis/2.6/objenesis-2.6.jar:/home/laliux/.m2/repository/org/skyscreamer/jsonassert/1.5.0/jsonassert-1.5.0.jar:/home/laliux/.m2/repository/com/vaadin/external/google/android-json/0.0.20131108.vaadin1/android-json-0.0.20131108.vaadin1.jar:/home/laliux/.m2/repository/org/springframework/spring-core/5.2.2.RELEASE/spring-core-5.2.2.RELEASE.jar:/home/laliux/.m2/repository/org/springframework/spring-jcl/5.2.2.RELEASE/spring-jcl-5.2.2.RELEASE.jar:/home/laliux/.m2/repository/org/springframework/spring-test/5.2.2.RELEASE/spring-test-5.2.2.RELEASE.jar:/home/laliux/.m2/repository/org/xmlunit/xmlunit-core/2.6.3/xmlunit-core-2.6.3.jar:/home/laliux/.m2/repository/org/springframework/security/spring-security-test/5.2.1.RELEASE/spring-security-test-5.2.1.RELEASE.jar:/home/laliux/.m2/repository/org/springframework/security/spring-security-web/5.2.1.RELEASE/spring-security-web-5.2.1.RELEASE.jar:"/>
    <property name="java.vm.vendor" value="AdoptOpenJDK"/>
    <property name="sun.arch.data.model" value="64"/>
    <property name="java.vendor.url" value="https://adoptopenjdk.net/"/>
    <property name="os.name" value="Linux"/>
    <property name="java.vm.specification.version" value="12"/>
    <property name="sun.java.launcher" value="SUN_STANDARD"/>
    <property name="sun.boot.library.path" value="/home/laliux/.sdkman/candidates/java/12.0.2.hs-adpt/lib"/>
    <property name="sun.java.command" value="/mnt/c/Users/jvmmx/intro-sso-keycloak/spring-security-samples/spring-cloud-gateway-oidc-tokenrelay/travel-spring-cloud-gateway/target/surefire/surefirebooter9146843760791113690.jar /mnt/c/Users/jvmmx/intro-sso-keycloak/spring-security-samples/spring-cloud-gateway-oidc-tokenrelay/travel-spring-cloud-gateway/target/surefire 2020-02-23T19-42-50_972-jvmRun1 surefire17036564627642193015tmp surefire_016416489483937867993tmp"/>
    <property name="jdk.debug" value="release"/>
    <property name="surefire.test.class.path" value="/mnt/c/Users/jvmmx/intro-sso-keycloak/spring-security-samples/spring-cloud-gateway-oidc-tokenrelay/travel-spring-cloud-gateway/target/test-classes:/mnt/c/Users/jvmmx/intro-sso-keycloak/spring-security-samples/spring-cloud-gateway-oidc-tokenrelay/travel-spring-cloud-gateway/target/classes:/home/laliux/.m2/repository/org/springframework/boot/spring-boot-starter-oauth2-client/2.2.2.RELEASE/spring-boot-starter-oauth2-client-2.2.2.RELEASE.jar:/home/laliux/.m2/repository/org/springframework/boot/spring-boot-starter/2.2.2.RELEASE/spring-boot-starter-2.2.2.RELEASE.jar:/home/laliux/.m2/repository/org/springframework/boot/spring-boot-starter-logging/2.2.2.RELEASE/spring-boot-starter-logging-2.2.2.RELEASE.jar:/home/laliux/.m2/repository/ch/qos/logback/logback-classic/1.2.3/logback-classic-1.2.3.jar:/home/laliux/.m2/repository/ch/qos/logback/logback-core/1.2.3/logback-core-1.2.3.jar:/home/laliux/.m2/repository/org/apache/logging/log4j/log4j-to-slf4j/2.12.1/log4j-to-slf4j-2.12.1.jar:/home/laliux/.m2/repository/org/apache/logging/log4j/log4j-api/2.12.1/log4j-api-2.12.1.jar:/home/laliux/.m2/repository/org/slf4j/jul-to-slf4j/1.7.29/jul-to-slf4j-1.7.29.jar:/home/laliux/.m2/repository/jakarta/annotation/jakarta.annotation-api/1.3.5/jakarta.annotation-api-1.3.5.jar:/home/laliux/.m2/repository/org/yaml/snakeyaml/1.25/snakeyaml-1.25.jar:/home/laliux/.m2/repository/com/sun/mail/jakarta.mail/1.6.4/jakarta.mail-1.6.4.jar:/home/laliux/.m2/repository/com/sun/activation/jakarta.activation/1.2.1/jakarta.activation-1.2.1.jar:/home/laliux/.m2/repository/org/springframework/security/spring-security-config/5.2.1.RELEASE/spring-security-config-5.2.1.RELEASE.jar:/home/laliux/.m2/repository/org/springframework/spring-aop/5.2.2.RELEASE/spring-aop-5.2.2.RELEASE.jar:/home/laliux/.m2/repository/org/springframework/spring-beans/5.2.2.RELEASE/spring-beans-5.2.2.RELEASE.jar:/home/laliux/.m2/repository/org/springframework/spring-context/5.2.2.RELEASE/spring-context-5.2.2.RELEASE.jar:/home/laliux/.m2/repository/org/springframework/security/spring-security-core/5.2.1.RELEASE/spring-security-core-5.2.1.RELEASE.jar:/home/laliux/.m2/repository/org/springframework/spring-expression/5.2.2.RELEASE/spring-expression-5.2.2.RELEASE.jar:/home/laliux/.m2/repository/org/springframework/security/spring-security-oauth2-client/5.2.1.RELEASE/spring-security-oauth2-client-5.2.1.RELEASE.jar:/home/laliux/.m2/repository/com/nimbusds/oauth2-oidc-sdk/6.14/oauth2-oidc-sdk-6.14.jar:/home/laliux/.m2/repository/com/github/stephenc/jcip/jcip-annotations/1.0-1/jcip-annotations-1.0-1.jar:/home/laliux/.m2/repository/com/nimbusds/lang-tag/1.4.4/lang-tag-1.4.4.jar:/home/laliux/.m2/repository/org/springframework/security/spring-security-oauth2-core/5.2.1.RELEASE/spring-security-oauth2-core-5.2.1.RELEASE.jar:/home/laliux/.m2/repository/org/springframework/security/spring-security-oauth2-jose/5.2.1.RELEASE/spring-security-oauth2-jose-5.2.1.RELEASE.jar:/home/laliux/.m2/repository/com/nimbusds/nimbus-jose-jwt/7.8/nimbus-jose-jwt-7.8.jar:/home/laliux/.m2/repository/org/springframework/cloud/spring-cloud-starter-gateway/2.2.1.RELEASE/spring-cloud-starter-gateway-2.2.1.RELEASE.jar:/home/laliux/.m2/repository/org/springframework/cloud/spring-cloud-starter/2.2.1.RELEASE/spring-cloud-starter-2.2.1.RELEASE.jar:/home/laliux/.m2/repository/org/springframework/cloud/spring-cloud-context/2.2.1.RELEASE/spring-cloud-context-2.2.1.RELEASE.jar:/home/laliux/.m2/repository/org/springframework/security/spring-security-crypto/5.2.1.RELEASE/spring-security-crypto-5.2.1.RELEASE.jar:/home/laliux/.m2/repository/org/springframework/cloud/spring-cloud-commons/2.2.1.RELEASE/spring-cloud-commons-2.2.1.RELEASE.jar:/home/laliux/.m2/repository/org/springframework/security/spring-security-rsa/1.0.9.RELEASE/spring-security-rsa-1.0.9.RELEASE.jar:/home/laliux/.m2/repository/org/bouncycastle/bcpkix-jdk15on/1.64/bcpkix-jdk15on-1.64.jar:/home/laliux/.m2/repository/org/bouncycastle/bcprov-jdk15on/1.64/bcprov-jdk15on-1.64.jar:/home/laliux/.m2/repository/org/springframework/cloud/spring-cloud-gateway-core/2.2.1.RELEASE/spring-cloud-gateway-core-2.2.1.RELEASE.jar:/home/laliux/.m2/repository/io/projectreactor/addons/reactor-extra/3.3.1.RELEASE/reactor-extra-3.3.1.RELEASE.jar:/home/laliux/.m2/repository/io/projectreactor/reactor-core/3.3.1.RELEASE/reactor-core-3.3.1.RELEASE.jar:/home/laliux/.m2/repository/org/reactivestreams/reactive-streams/1.0.3/reactive-streams-1.0.3.jar:/home/laliux/.m2/repository/org/springframework/boot/spring-boot-starter-webflux/2.2.2.RELEASE/spring-boot-starter-webflux-2.2.2.RELEASE.jar:/home/laliux/.m2/repository/org/springframework/boot/spring-boot-starter-json/2.2.2.RELEASE/spring-boot-starter-json-2.2.2.RELEASE.jar:/home/laliux/.m2/repository/com/fasterxml/jackson/datatype/jackson-datatype-jdk8/2.10.1/jackson-datatype-jdk8-2.10.1.jar:/home/laliux/.m2/repository/com/fasterxml/jackson/datatype/jackson-datatype-jsr310/2.10.1/jackson-datatype-jsr310-2.10.1.jar:/home/laliux/.m2/repository/com/fasterxml/jackson/module/jackson-module-parameter-names/2.10.1/jackson-module-parameter-names-2.10.1.jar:/home/laliux/.m2/repository/org/springframework/boot/spring-boot-starter-reactor-netty/2.2.2.RELEASE/spring-boot-starter-reactor-netty-2.2.2.RELEASE.jar:/home/laliux/.m2/repository/io/projectreactor/netty/reactor-netty/0.9.2.RELEASE/reactor-netty-0.9.2.RELEASE.jar:/home/laliux/.m2/repository/io/netty/netty-codec-http/4.1.43.Final/netty-codec-http-4.1.43.Final.jar:/home/laliux/.m2/repository/io/netty/netty-common/4.1.43.Final/netty-common-4.1.43.Final.jar:/home/laliux/.m2/repository/io/netty/netty-buffer/4.1.43.Final/netty-buffer-4.1.43.Final.jar:/home/laliux/.m2/repository/io/netty/netty-transport/4.1.43.Final/netty-transport-4.1.43.Final.jar:/home/laliux/.m2/repository/io/netty/netty-resolver/4.1.43.Final/netty-resolver-4.1.43.Final.jar:/home/laliux/.m2/repository/io/netty/netty-codec/4.1.43.Final/netty-codec-4.1.43.Final.jar:/home/laliux/.m2/repository/io/netty/netty-codec-http2/4.1.43.Final/netty-codec-http2-4.1.43.Final.jar:/home/laliux/.m2/repository/io/netty/netty-handler/4.1.43.Final/netty-handler-4.1.43.Final.jar:/home/laliux/.m2/repository/io/netty/netty-handler-proxy/4.1.43.Final/netty-handler-proxy-4.1.43.Final.jar:/home/laliux/.m2/repository/io/netty/netty-codec-socks/4.1.43.Final/netty-codec-socks-4.1.43.Final.jar:/home/laliux/.m2/repository/io/netty/netty-transport-native-epoll/4.1.43.Final/netty-transport-native-epoll-4.1.43.Final-linux-x86_64.jar:/home/laliux/.m2/repository/io/netty/netty-transport-native-unix-common/4.1.43.Final/netty-transport-native-unix-common-4.1.43.Final.jar:/home/laliux/.m2/repository/org/glassfish/jakarta.el/3.0.3/jakarta.el-3.0.3.jar:/home/laliux/.m2/repository/org/springframework/boot/spring-boot-starter-validation/2.2.2.RELEASE/spring-boot-starter-validation-2.2.2.RELEASE.jar:/home/laliux/.m2/repository/jakarta/validation/jakarta.validation-api/2.0.1/jakarta.validation-api-2.0.1.jar:/home/laliux/.m2/repository/org/hibernate/validator/hibernate-validator/6.0.18.Final/hibernate-validator-6.0.18.Final.jar:/home/laliux/.m2/repository/org/jboss/logging/jboss-logging/3.4.1.Final/jboss-logging-3.4.1.Final.jar:/home/laliux/.m2/repository/com/fasterxml/classmate/1.5.1/classmate-1.5.1.jar:/home/laliux/.m2/repository/org/springframework/spring-webflux/5.2.2.RELEASE/spring-webflux-5.2.2.RELEASE.jar:/home/laliux/.m2/repository/org/synchronoss/cloud/nio-multipart-parser/1.1.0/nio-multipart-parser-1.1.0.jar:/home/laliux/.m2/repository/org/synchronoss/cloud/nio-stream-storage/1.1.3/nio-stream-storage-1.1.3.jar:/home/laliux/.m2/repository/org/springframework/cloud/spring-cloud-security/2.2.0.RELEASE/spring-cloud-security-2.2.0.RELEASE.jar:/home/laliux/.m2/repository/org/springframework/boot/spring-boot-starter-security/2.2.2.RELEASE/spring-boot-starter-security-2.2.2.RELEASE.jar:/home/laliux/.m2/repository/javax/activation/javax.activation-api/1.2.0/javax.activation-api-1.2.0.jar:/home/laliux/.m2/repository/javax/xml/bind/jaxb-api/2.3.1/jaxb-api-2.3.1.jar:/home/laliux/.m2/repository/org/springframework/cloud/spring-cloud-contract-wiremock/2.2.1.RELEASE/spring-cloud-contract-wiremock-2.2.1.RELEASE.jar:/home/laliux/.m2/repository/org/springframework/spring-web/5.2.2.RELEASE/spring-web-5.2.2.RELEASE.jar:/home/laliux/.m2/repository/com/github/tomakehurst/wiremock-jre8-standalone/2.25.1/wiremock-jre8-standalone-2.25.1.jar:/home/laliux/.m2/repository/org/apache/httpcomponents/httpclient/4.5.10/httpclient-4.5.10.jar:/home/laliux/.m2/repository/org/apache/httpcomponents/httpcore/4.4.12/httpcore-4.4.12.jar:/home/laliux/.m2/repository/commons-codec/commons-codec/1.13/commons-codec-1.13.jar:/home/laliux/.m2/repository/org/assertj/assertj-core/3.13.2/assertj-core-3.13.2.jar:/home/laliux/.m2/repository/org/springframework/boot/spring-boot-starter-thymeleaf/2.2.2.RELEASE/spring-boot-starter-thymeleaf-2.2.2.RELEASE.jar:/home/laliux/.m2/repository/org/thymeleaf/thymeleaf-spring5/3.0.11.RELEASE/thymeleaf-spring5-3.0.11.RELEASE.jar:/home/laliux/.m2/repository/org/thymeleaf/thymeleaf/3.0.11.RELEASE/thymeleaf-3.0.11.RELEASE.jar:/home/laliux/.m2/repository/org/attoparser/attoparser/2.0.5.RELEASE/attoparser-2.0.5.RELEASE.jar:/home/laliux/.m2/repository/org/unbescape/unbescape/1.1.6.RELEASE/unbescape-1.1.6.RELEASE.jar:/home/laliux/.m2/repository/org/thymeleaf/extras/thymeleaf-extras-java8time/3.0.4.RELEASE/thymeleaf-extras-java8time-3.0.4.RELEASE.jar:/home/laliux/.m2/repository/org/thymeleaf/extras/thymeleaf-extras-springsecurity5/3.0.4.RELEASE/thymeleaf-extras-springsecurity5-3.0.4.RELEASE.jar:/home/laliux/.m2/repository/org/slf4j/slf4j-api/1.7.29/slf4j-api-1.7.29.jar:/home/laliux/.m2/repository/org/webjars/webjars-locator/0.38/webjars-locator-0.38.jar:/home/laliux/.m2/repository/org/webjars/webjars-locator-core/0.41/webjars-locator-core-0.41.jar:/home/laliux/.m2/repository/io/github/classgraph/classgraph/4.8.44/classgraph-4.8.44.jar:/home/laliux/.m2/repository/com/fasterxml/jackson/core/jackson-core/2.10.1/jackson-core-2.10.1.jar:/home/laliux/.m2/repository/org/webjars/npm/angular__http/2.4.10/angular__http-2.4.10.jar:/home/laliux/.m2/repository/com/fasterxml/jackson/core/jackson-databind/2.10.1/jackson-databind-2.10.1.jar:/home/laliux/.m2/repository/com/fasterxml/jackson/core/jackson-annotations/2.10.1/jackson-annotations-2.10.1.jar:/home/laliux/.m2/repository/org/apache/commons/commons-lang3/3.9/commons-lang3-3.9.jar:/home/laliux/.m2/repository/org/webjars/bootstrap/4.4.1/bootstrap-4.4.1.jar:/home/laliux/.m2/repository/org/webjars/jquery/3.0.0/jquery-3.0.0.jar:/home/laliux/.m2/repository/org/webjars/popper.js/1.14.3/popper.js-1.14.3.jar:/home/laliux/.m2/repository/org/springframework/boot/spring-boot-devtools/2.2.2.RELEASE/spring-boot-devtools-2.2.2.RELEASE.jar:/home/laliux/.m2/repository/org/springframework/boot/spring-boot/2.2.2.RELEASE/spring-boot-2.2.2.RELEASE.jar:/home/laliux/.m2/repository/org/springframework/boot/spring-boot-autoconfigure/2.2.2.RELEASE/spring-boot-autoconfigure-2.2.2.RELEASE.jar:/home/laliux/.m2/repository/org/springframework/boot/spring-boot-starter-test/2.2.2.RELEASE/spring-boot-starter-test-2.2.2.RELEASE.jar:/home/laliux/.m2/repository/org/springframework/boot/spring-boot-test/2.2.2.RELEASE/spring-boot-test-2.2.2.RELEASE.jar:/home/laliux/.m2/repository/org/springframework/boot/spring-boot-test-autoconfigure/2.2.2.RELEASE/spring-boot-test-autoconfigure-2.2.2.RELEASE.jar:/home/laliux/.m2/repository/com/jayway/jsonpath/json-path/2.4.0/json-path-2.4.0.jar:/home/laliux/.m2/repository/net/minidev/json-smart/2.3/json-smart-2.3.jar:/home/laliux/.m2/repository/net/minidev/accessors-smart/1.2/accessors-smart-1.2.jar:/home/laliux/.m2/repository/org/ow2/asm/asm/5.0.4/asm-5.0.4.jar:/home/laliux/.m2/repository/jakarta/xml/bind/jakarta.xml.bind-api/2.3.2/jakarta.xml.bind-api-2.3.2.jar:/home/laliux/.m2/repository/jakarta/activation/jakarta.activation-api/1.2.1/jakarta.activation-api-1.2.1.jar:/home/laliux/.m2/repository/org/junit/jupiter/junit-jupiter/5.5.2/junit-jupiter-5.5.2.jar:/home/laliux/.m2/repository/org/junit/jupiter/junit-jupiter-api/5.5.2/junit-jupiter-api-5.5.2.jar:/home/laliux/.m2/repository/org/opentest4j/opentest4j/1.2.0/opentest4j-1.2.0.jar:/home/laliux/.m2/repository/org/junit/platform/junit-platform-commons/1.5.2/junit-platform-commons-1.5.2.jar:/home/laliux/.m2/repository/org/junit/jupiter/junit-jupiter-params/5.5.2/junit-jupiter-params-5.5.2.jar:/home/laliux/.m2/repository/org/junit/jupiter/junit-jupiter-engine/5.5.2/junit-jupiter-engine-5.5.2.jar:/home/laliux/.m2/repository/org/junit/vintage/junit-vintage-engine/5.5.2/junit-vintage-engine-5.5.2.jar:/home/laliux/.m2/repository/org/apiguardian/apiguardian-api/1.1.0/apiguardian-api-1.1.0.jar:/home/laliux/.m2/repository/org/junit/platform/junit-platform-engine/1.5.2/junit-platform-engine-1.5.2.jar:/home/laliux/.m2/repository/junit/junit/4.12/junit-4.12.jar:/home/laliux/.m2/repository/org/mockito/mockito-junit-jupiter/3.1.0/mockito-junit-jupiter-3.1.0.jar:/home/laliux/.m2/repository/org/hamcrest/hamcrest/2.1/hamcrest-2.1.jar:/home/laliux/.m2/repository/org/mockito/mockito-core/3.1.0/mockito-core-3.1.0.jar:/home/laliux/.m2/repository/net/bytebuddy/byte-buddy/1.10.4/byte-buddy-1.10.4.jar:/home/laliux/.m2/repository/net/bytebuddy/byte-buddy-agent/1.10.4/byte-buddy-agent-1.10.4.jar:/home/laliux/.m2/repository/org/objenesis/objenesis/2.6/objenesis-2.6.jar:/home/laliux/.m2/repository/org/skyscreamer/jsonassert/1.5.0/jsonassert-1.5.0.jar:/home/laliux/.m2/repository/com/vaadin/external/google/android-json/0.0.20131108.vaadin1/android-json-0.0.20131108.vaadin1.jar:/home/laliux/.m2/repository/org/springframework/spring-core/5.2.2.RELEASE/spring-core-5.2.2.RELEASE.jar:/home/laliux/.m2/repository/org/springframework/spring-jcl/5.2.2.RELEASE/spring-jcl-5.2.2.RELEASE.jar:/home/laliux/.m2/repository/org/springframework/spring-test/5.2.2.RELEASE/spring-test-5.2.2.RELEASE.jar:/home/laliux/.m2/repository/org/xmlunit/xmlunit-core/2.6.3/xmlunit-core-2.6.3.jar:/home/laliux/.m2/repository/org/springframework/security/spring-security-test/5.2.1.RELEASE/spring-security-test-5.2.1.RELEASE.jar:/home/laliux/.m2/repository/org/springframework/security/spring-security-web/5.2.1.RELEASE/spring-security-web-5.2.1.RELEASE.jar:"/>
    <property name="sun.cpu.endian" value="little"/>
    <property name="user.home" value="/home/laliux"/>
    <property name="user.language" value="en"/>
    <property name="java.specification.vendor" value="Oracle Corporation"/>
    <property name="java.version.date" value="2019-07-16"/>
    <property name="java.home" value="/home/laliux/.sdkman/candidates/java/12.0.2.hs-adpt"/>
    <property name="file.separator" value="/"/>
    <property name="basedir" value="/mnt/c/Users/jvmmx/intro-sso-keycloak/spring-security-samples/spring-cloud-gateway-oidc-tokenrelay/travel-spring-cloud-gateway"/>
    <property name="java.vm.compressedOopsMode" value="32-bit"/>
    <property name="line.separator" value="&#10;"/>
    <property name="java.vm.specification.vendor" value="Oracle Corporation"/>
    <property name="java.specification.name" value="Java Platform API Specification"/>
    <property name="java.awt.graphicsenv" value="sun.awt.X11GraphicsEnvironment"/>
    <property name="surefire.real.class.path" value="/mnt/c/Users/jvmmx/intro-sso-keycloak/spring-security-samples/spring-cloud-gateway-oidc-tokenrelay/travel-spring-cloud-gateway/target/surefire/surefirebooter9146843760791113690.jar"/>
    <property name="sun.management.compiler" value="HotSpot 64-Bit Tiered Compilers"/>
    <property name="java.runtime.version" value="12.0.2+10"/>
    <property name="user.name" value="laliux"/>
    <property name="path.separator" value=":"/>
    <property name="os.version" value="4.4.0-18362-Microsoft"/>
    <property name="java.runtime.name" value="OpenJDK Runtime Environment"/>
    <property name="file.encoding" value="UTF-8"/>
    <property name="java.vm.name" value="OpenJDK 64-Bit Server VM"/>
    <property name="java.vendor.version" value="AdoptOpenJDK"/>
    <property name="localRepository" value="/home/laliux/.m2/repository"/>
    <property name="java.vendor.url.bug" value="https://github.com/AdoptOpenJDK/openjdk-build/issues"/>
    <property name="java.io.tmpdir" value="/tmp"/>
    <property name="java.version" value="12.0.2"/>
    <property name="user.dir" value="/mnt/c/Users/jvmmx/intro-sso-keycloak/spring-security-samples/spring-cloud-gateway-oidc-tokenrelay/travel-spring-cloud-gateway"/>
    <property name="os.arch" value="amd64"/>
    <property name="java.vm.specification.name" value="Java Virtual Machine Specification"/>
    <property name="java.library.path" value="/usr/java/packages/lib:/usr/lib64:/lib64:/lib:/usr/lib"/>
    <property name="java.vm.info" value="mixed mode, sharing"/>
    <property name="java.vendor" value="AdoptOpenJDK"/>
    <property name="java.vm.version" value="12.0.2+10"/>
    <property name="sun.io.unicode.encoding" value="UnicodeLittle"/>
    <property name="java.class.version" value="56.0"/>
  </properties>
  <testcase name="testGetHomeAuthenticated" classname="com.jdriven.gateway.TravelGatewayApplicationTest" time="3.415"/>
  <testcase name="testGetIndexAnonymously" classname="com.jdriven.gateway.TravelGatewayApplicationTest" time="0.353"/>
  <testcase name="testGetIndexAuthenticated" classname="com.jdriven.gateway.TravelGatewayApplicationTest" time="0.212"/>
</testsuite>